http://bigdata.hyycinfo.com/zy
http://bigdata.hyycinfo.com/zy
http://bigdata.hyycinfo.com/yt
http://bigdata.hyycinfo.com/yt
http://bigdata.hyycinfo.com/yt
http://bigdata.hyycinfo.com/yt
http://bigdata.hyycinfo.com/yt
http://bigdata.hyycinfo.com/ly
http://bigdata.hyycinfo.com/ly
http://javaee.hyycinfo.com/zhj
http://javaee.hyycinfo.com/zhj
http://javaee.hyycinfo.com/gj
http://javaee.hyycinfo.com/gj
http://javaee.hyycinfo.com/gj
http://bigdata.hyycinfo.com/yt
http://bigdata.hyycinfo.com/yt
http://bigdata.hyycinfo.com/yt
http://bigdata.hyycinfo.com/yt
http://bigdata.hyycinfo.com/yt
http://bigdata.hyycinfo.com/ly
http://bigdata.hyycinfo.com/ly
http://javaee.hyycinfo.com/zhj
http://javaee.hyycinfo.com/zhj
http://javaee.hyycinfo.com/gj
http://javaee.hyycinfo.com/gj
http://javaee.hyycinfo.com/gj
http://bigdata.hyycinfo.com/yt
http://bigdata.hyycinfo.com/yt
http://bigdata.hyycinfo.com/yt
http://bigdata.hyycinfo.com/yt
http://bigdata.hyycinfo.com/yt
http://bigdata.hyycinfo.com/ly
http://bigdata.hyycinfo.com/ly
http://javaee.hyycinfo.com/zhj
http://javaee.hyycinfo.com/zhj
http://javaee.hyycinfo.com/gj
http://javaee.hyycinfo.com/gj
http://javaee.hyycinfo.com/gj
http://front.hyycinfo.com/hcj
http://front.hyycinfo.com/hcj
http://front.hyycinfo.com/hcj
http://front.hyycinfo.com/hcj
